<?xml version="1.0" encoding="UTF-8"?>
<!-- Generated by org.testng.reporters.JUnitReportReporter -->
<testsuite skipped="0" hostname="MrNalan-PC" name="scripts.VerifyProductVersion" tests="1" failures="0" timestamp="26 Apr 2018 06:57:33 GMT" time="27.126" errors="0">
  <testcase name="verifyVersion" time="27.126" classname="scripts.VerifyProductVersion"/>
</testsuite> <!-- scripts.VerifyProductVersion -->
