<?xml version="1.0" encoding="UTF-8"?>
<!-- Generated by org.testng.reporters.JUnitReportReporter -->
<testsuite skipped="0" hostname="MrNalan-PC" name="scripts.TestInvalidLogin" tests="1" failures="0" timestamp="26 Apr 2018 06:51:14 GMT" time="26.116" errors="0">
  <testcase name="invalidLogin" time="26.116" classname="scripts.TestInvalidLogin"/>
</testsuite> <!-- scripts.TestInvalidLogin -->
